make all -f /home/yoavstrugo/Desktop/OSProject Remake/kernel/Makefile --print-data-base --no-builtin-variables --no-builtin-rules --question
# GNU Make 4.3
# Built for x86_64-pc-linux-gnu
# Copyright (C) 1988-2020 Free Software Foundation, Inc.
# License GPLv3+: GNU GPL version 3 or later <http://gnu.org/licenses/gpl.html>
# This is free software: you are free to change and redistribute it.
# There is NO WARRANTY, to the extent permitted by law.

# Make data base, printed on Thu Feb  3 06:39:01 2022

# Variables

# 'override' directive (from '/home/yoavstrugo/Desktop/OSProject Remake/kernel/Makefile', line 3)
KERNEL := kernel.elf
# environment
GDK_BACKEND = x11
# environment
LC_ALL = C
# environment
GNOME_SHELL_SESSION_MODE = ubuntu
# environment
SSH_AGENT_LAUNCHER = gnome-keyring
# makefile (from '/home/yoavstrugo/Desktop/OSProject Remake/kernel/Makefile', line 30)
OBJDIR = lib
# environment
SNAP_INSTANCE_KEY = 
# environment
GJS_DEBUG_OUTPUT = stderr
# environment
VSCODE_IPC_HOOK_EXTHOST = /run/user/1000/vscode-ipc-579c0c61-ea64-46f9-9f2a-a230a1a066bb.sock
# environment
VSCODE_CWD = /home/yoavstrugo
# default
MAKE_COMMAND := make
# environment
QT_ACCESSIBILITY = 1
# automatic
@D = $(patsubst %/,%,$(dir $@))
# environment
SNAP_INSTANCE_NAME = code
# environment
GDK_PIXBUF_MODULEDIR = /snap/code/85/usr/lib/x86_64-linux-gnu/gdk-pixbuf-2.0/2.10.0/loaders
# environment
VSCODE_HANDLES_UNCAUGHT_ERRORS = true
# default
.VARIABLES := 
# environment
PWD = /home/yoavstrugo/Desktop/OSProject Remake/kernel
# automatic
%D = $(patsubst %/,%,$(dir $%))
# environment
XDG_DATA_DIRS = /usr/share/ubuntu:/usr/local/share/:/usr/share/:/var/lib/snapd/desktop
# automatic
^D = $(patsubst %/,%,$(dir $^))
# environment
VSCODE_LOG_STACK = false
# automatic
%F = $(notdir $%)
# environment
VSCODE_CODE_CACHE_PATH = /home/yoavstrugo/.config/Code/CachedData/899d46d82c4c95423fb7e10e68eba52050e30ba3
# environment
LANG = C
# environment
XAUTHORITY = /run/user/1000/.mutter-Xwaylandauth.Z9OUF1
# default
.LOADED := 
# default
.INCLUDE_DIRS = /usr/local/include /usr/include /usr/include
# makefile
MAKEFLAGS = pqrR
# makefile (from '/home/yoavstrugo/Desktop/OSProject Remake/kernel/Makefile', line 68)
HEADER_DEPS = $(OBJS:.cpp=.d)
# makefile
CURDIR := /home/yoavstrugo/Desktop/OSProject Remake/kernel
# environment
VSCODE_PIPE_LOGGING = true
# environment
APPLICATION_INSIGHTS_NO_DIAGNOSTIC_CHANNEL = true
# environment
LESSOPEN = | /usr/bin/lesspipe %s
# makefile (from '/home/yoavstrugo/Desktop/OSProject Remake/kernel/Makefile', line 66)
SRCS = $(shell find ./ -type f -name '*.cpp')
# automatic
*D = $(patsubst %/,%,$(dir $*))
# environment
MFLAGS = -pqrR
# environment
SSH_AUTH_SOCK = /run/user/1000/keyring/ssh
# default
.SHELLFLAGS := -c
# environment
WAYLAND_DISPLAY = wayland-0
# environment
XDG_CONFIG_DIRS = /etc/xdg/xdg-ubuntu:/etc/xdg
# automatic
+D = $(patsubst %/,%,$(dir $+))
# environment
VSCODE_CRASH_REPORTER_START_OPTIONS = {"companyName":"Microsoft","productName":"VSCode","submitURL":"appcenter://code?aid=fba07a4d-84bd-4fc8-a125-9640fc8ce171&uid=16789a32-cb00-4e8a-91cc-684b6ee841da&iid=16789a32-cb00-4e8a-91cc-684b6ee841da&sid=16789a32-cb00-4e8a-91cc-684b6ee841da","uploadToServer":true}
# environment
XDG_SESSION_DESKTOP = ubuntu
# makefile (from '/home/yoavstrugo/Desktop/OSProject Remake/kernel/Makefile', line 1)
MAKEFILE_LIST := /home/yoavstrugo/Desktop/OSProject Remake/kernel/Makefile
# environment
SNAP_REEXEC = 
# automatic
@F = $(notdir $@)
# environment
VSCODE_VERBOSE_LOGGING = true
# environment
VSCODE_PID = 139422
# environment
XDG_SESSION_TYPE = wayland
# automatic
?D = $(patsubst %/,%,$(dir $?))
# environment
BAMF_DESKTOP_FILE_HINT = /var/lib/snapd/desktop/applications/code_code.desktop
# environment
SESSION_MANAGER = local/ubuntu:@/tmp/.ICE-unix/1833,unix/ubuntu:/tmp/.ICE-unix/1833
# automatic
*F = $(notdir $*)
# environment
CHROME_DESKTOP = code-url-handler.desktop
# environment
DBUS_SESSION_BUS_ADDRESS = unix:path=/run/user/1000/bus
# automatic
<D = $(patsubst %/,%,$(dir $<))
# environment
VSCODE_NLS_CONFIG = {"locale":"en-us","availableLanguages":{},"_languagePackSupport":true}
# environment
BREAKPAD_DUMP_LOCATION = /home/yoavstrugo/.config/Code/exthost Crash Reports
# default
MAKE_HOST := x86_64-pc-linux-gnu
# makefile (from '/home/yoavstrugo/Desktop/OSProject Remake/kernel/Makefile', line 67)
OBJS = $(patsubst %.cpp, %.o, $(notdir $(SRCS)))
# environment
GNOME_DESKTOP_SESSION_ID = this-is-deprecated
# makefile
SHELL = /bin/sh
# default
MAKECMDGOALS := all
# environment
XMODIFIERS = @im=ibus
# environment
GJS_DEBUG_TOPICS = JS ERROR;JS LOG
# environment
SHLVL = 0
# environment
MAKELEVEL := 0
# environment
IM_CONFIG_CHECK_ENV = 1
# default
MAKE = $(MAKE_COMMAND)
# environment
SNAP_COOKIE = Jx3YxSbVNll43HzE7fqtmQd0EDTpt75Trl1jfQllrReEdRh74mTB
# environment
PATH = /usr/local/sbin:/usr/local/bin:/usr/sbin:/usr/bin:/sbin:/bin:/usr/games:/usr/local/games:/snap/bin:/snap/bin
# default
MAKEFILES := 
# 'override' directive (from '/home/yoavstrugo/Desktop/OSProject Remake/kernel/Makefile', line 39)
INTERNALCFLAGS := -I include -std=c++98 -ffreestanding -fno-stack-protector -fno-pic -mabi=sysv -mno-80387 -mno-mmx -mno-3dnow -mno-sse -mno-sse2 -mno-red-zone -mcmodel=kernel -MMD
# automatic
^F = $(notdir $^)
# environment
SNAP_USER_COMMON = /home/yoavstrugo/snap/code/common
# environment
SNAP = /snap/code/85
# environment
INVOCATION_ID = 408ea7d3ab1547e3a1d4e29efd35a847
# environment
SNAP_REVISION = 85
# environment
SNAP_REAL_HOME = /home/yoavstrugo
# environment
VSCODE_LOG_NATIVE = false
# environment
USERNAME = yoavstrugo
# environment
GNOME_SETUP_DISPLAY = :1
# environment
LESSCLOSE = /usr/bin/lesspipe %s %s
# automatic
?F = $(notdir $?)
# environment
XDG_CURRENT_DESKTOP = Unity
# environment
LS_COLORS = 
# automatic
+F = $(notdir $+)
# environment
DESKTOP_SESSION = ubuntu
# environment
ORIGINAL_XDG_CURRENT_DESKTOP = ubuntu:GNOME
# 'override' directive
GNUMAKEFLAGS := 
# environment
LOGNAME = yoavstrugo
# environment
GIO_LAUNCHED_DESKTOP_FILE = /var/lib/snapd/desktop/applications/code_code.desktop
# environment
SNAP_ARCH = amd64
# makefile
.DEFAULT_GOAL := all
# environment
SYSTEMD_EXEC_PID = 1869
# environment
DISPLAY = :0
# environment
USER = yoavstrugo
# environment
GTK_MODULES = gail:atk-bridge
# default
MAKE_VERSION := 4.3
# 'override' directive
.SHELLSTATUS := 0
# environment
DISABLE_WAYLAND = 1
# environment
SNAP_DATA = /var/snap/code/85
# environment
SNAP_CONTEXT = Jx3YxSbVNll43HzE7fqtmQd0EDTpt75Trl1jfQllrReEdRh74mTB
# makefile (from '/home/yoavstrugo/Desktop/OSProject Remake/kernel/Makefile', line 36)
LDFLAGS = 
# environment
MANAGERPID = 1733
# environment
GIO_LAUNCHED_DESKTOP_FILE_PID = 139377
# makefile (from '/home/yoavstrugo/Desktop/OSProject Remake/kernel/Makefile', line 28)
INCLUDESDIR = include
# environment
_ = /snap/code/85/usr/share/code/code
# environment
XDG_RUNTIME_DIR = /run/user/1000
# makefile (from '/home/yoavstrugo/Desktop/OSProject Remake/kernel/Makefile', line 33)
CFLAGS = -Wall -Wextra -O0 -pipe -g
# environment
GDK_PIXBUF_MODULE_FILE = /home/yoavstrugo/snap/code/common/.cache/gdk-pixbuf-loaders.cache
# environment
JOURNAL_STREAM = 8:58681
# environment
XDG_SESSION_CLASS = user
# environment
VSCODE_AMD_ENTRYPOINT = vs/workbench/services/extensions/node/extensionHostProcess
# environment
HOME = /home/yoavstrugo
# environment
QT_IM_MODULE = ibus
# environment
ELECTRON_RUN_AS_NODE = 1
# environment
VSCODE_IPC_HOOK = /run/user/1000/vscode-73100d7f-1.63.2-main.sock
# environment
SNAP_NAME = code
# environment
GSETTINGS_SCHEMA_DIR = /snap/code/85/usr/share/glib-2.0/schemas
# makefile (from '/home/yoavstrugo/Desktop/OSProject Remake/kernel/Makefile', line 27)
SRCDIR = src
# environment
IM_CONFIG_PHASE = 1
# default
.RECIPEPREFIX := 
# automatic
<F = $(notdir $<)
# environment
SNAP_VERSION = 899d46d8
# 'override' directive (from '/home/yoavstrugo/Desktop/OSProject Remake/kernel/Makefile', line 58)
INTERNALLDFLAGS := -I include -T kernel.ld -nostdlib -zmax-page-size=0x1000 -static
# default
SUFFIXES := 
# environment
VSCODE_CLI = 1
# environment
ELECTRON_NO_ATTACH_CONSOLE = 1
# environment
SNAP_COMMON = /var/snap/code/common
# default
.FEATURES := target-specific order-only second-expansion else-if shortest-stem undefine oneshell nocomment grouped-target extra-prereqs archives jobserver output-sync check-symlink load
# makefile (from '/home/yoavstrugo/Desktop/OSProject Remake/kernel/Makefile', line 29)
BUILDDIR = bin
# environment
 
SNAP_USER_DATA = /home/yoavstrugo/snap/code/85
# environment
XDG_MENU_PREFIX = gnome-
# environment
GDMSESSION = ubuntu
# environment
SNAP_LIBRARY_PATH = /var/lib/snapd/lib/gl:/var/lib/snapd/lib/gl32:/var/lib/snapd/void
# variable set hash-table stats:
# Load=137/1024=13%, Rehash=0, Collisions=14/197=7%

# Pattern-specific Variable Values

# No pattern-specific variable values.

# Directories

# ./src/utils (device 2051, inode 1445267): No files, no impossibilities so far.
# include (device 2051, inode 1058843): 6 files, no impossibilities so far.
# . (device 2051, inode 1049800): 11 files, no impossibilities.
# ./src/graphics/fonts (device 2051, inode 1445066): No files, no impossibilities so far.
# ./src/graphics (device 2051, inode 1445065): No files, no impossibilities so far.
# ./src (device 2051, inode 1312609): 1 files, no impossibilities so far.
# bin (device 2051, inode 1051321): 3 files, no impossibilities.
# lib (device 2051, inode 1058884): 2 files, no impossibilities.

# 23 files, no impossibilities in 8 directories.

# Implicit Rules

%.o: %.cpp stivale2.h
#  recipe to execute (from '/home/yoavstrugo/Desktop/OSProject Remake/kernel/Makefile', line 82):
	$(CC) $(CFLAGS) $(INTERNALCFLAGS) -c $< -o $(OBJDIR)/$@

%.cpp:

%.h:
 

%.o:

%.d:

%.elf:

# 6 implicit rules, 0 (0.0%) terminal.
# Files

# Not a target:
.cpp:
#  Implicit rule search has not been done.
#  Modification time never checked.
#  File has not been updated.

distclean: clean
#  Phony target (prerequisite of .PHONY).
#  Implicit rule search has not been done.
#  File does not exist.
#  File has not been updated.
#  recipe to execute (from '/home/yoavstrugo/Desktop/OSProject Remake/kernel/Makefile', line 93):
	rm -f stivale2.h

# Not a target:
.h:
#  Implicit rule search has not been done.
#  Modification time never checked.
#  File has not been updated.

# Not a target:
/home/yoavstrugo/Desktop/OSProject Remake/kernel/Makefile:
#  Implicit rule search has been done.
#  Last modified 2022-02-03 06:38:55.344995269
#  File has been updated.
#  Successfully updated.

kernel.elf: kernel.o strings.o PSF.o Renderer.o
#  Implicit rule search has not been done.
#  File does not exist.
#  File has been updated.
#  Needs to be updated (-q is set).
# variable set hash-table stats:
# Load=0/32=0%, Rehash=0, Collisions=0/7=0%
#  recipe to execute (from '/home/yoavstrugo/Desktop/OSProject Remake/kernel/Makefile', line 79):
	$(LD) $(addprefix $(OBJDIR)/, $(notdir $^)) $(LDFLAGS) $(INTERNALLDFLAGS) -o $(BUILDDIR)/$@

kernel.o: ./src/kernel.cpp include/stivale2.h
#  Implicit rule search has been done.
#  Implicit/static pattern stem: 'kernel'
#  File does not exist.
#  File has been updated.
#  Needs to be updated (-q is set).
# automatic
# @ := kernel.o
# automatic
# * := kernel
# automatic
# < := ./src/kernel.cpp
# automatic
# + := ./src/kernel.cpp include/stivale2.h
# automatic
# % := 
# automatic
# ^ := ./src/kernel.cpp include/stivale2.h
# automatic
# ? := ./src/kernel.cpp include/stivale2.h
# automatic
# | := 
# variable set hash-table stats:
# Load=8/32=25%, Rehash=0, Collisions=7/17=41%
#  recipe to execute (from '/home/yoavstrugo/Desktop/OSProject Remake/kernel/Makefile', line 82):
	$(CC) $(CFLAGS) $(INTERNALCFLAGS) -c $< -o $(OBJDIR)/$@

# Not a target:
Renderer.o:
#  Implicit rule search has not been done.
#  Modification time never checked.
#  File has not been updated.

clean:
#  Phony target (prerequisite of .PHONY).
#  Implicit rule search has not been done.
#  File does not exist.
#  File has not been updated.
#  recipe to execute (from '/home/yoavstrugo/Desktop/OSProject Remake/kernel/Makefile', line 90):
	rm -rf $(BUILDDIR)/$(KERNEL) $(OBJDIR)/*

# Not a target:
PSF.o:
#  Implicit rule search has not been done.
#  Modification time never checked.
#  File has not been updated.

# Not a target:
./src/kernel.cpp:
#  Implicit rule search has been done.
#  Last modified 2022-02-03 06:27:34.514182954
#  File has been updated.
#  Successfully updated.

# Not a target:
.DEFAULT:
#  Implicit rule search has not been done.
#  Modification time never checked.
#  File has not been updated.

all: kernel.elf
#  Phony target (prerequisite of .PHONY).
#  Command line target.
#  Implicit rule search has not been done.
#  File does not exist.
#  File has been updated.
#  Needs to be updated (-q is set).
# variable set hash-table stats:
# Load=0/32=0%, Rehash=0, Collisions=0/7=0%

# Not a target:
.elf:
#  Implicit rule search has not been done.
#  Modification time never checked.
#  File has not been updated.

# Not a target:
.d:
#  Implicit rule search has not been done.
#  Modification time never checked.
#  File has not been updated.

test: kernel.o strings.o PSF.o Renderer.o
#  Implicit rule search has not been done.
#  Modification time never checked.
#  File has not been updated.
#  recipe to execute (from '/home/yoavstrugo/Desktop/OSProject Remake/kernel/Makefile', line 96):
	echo $(OBJDIR)

# Not a target:
.o:
#  Implicit rule search has not been done.
#  Modification time never checked.
#  File has not been updated.

.SUFFIXES: .cpp .h .o .d .elf
#  Implicit rule search has not been done.
#  Modification time never checked.
#  File has not been updated.

.PHONY: all clean distclean
#  Implicit rule search has not been done.
#  Modification time never checked.
#  File has not been updated.

include/stivale2.h:
#  Implicit rule search has not been done.
#  Last modified 2022-01-31 05:26:04.235241888
#  File has been updated.
#  Successfully updated.
#  recipe to execute (from '/home/yoavstrugo/Desktop/OSProject Remake/kernel/Makefile', line 75):
	curl https://raw.githubusercontent.com/stivale/stivale/master/stivale2.h -o $(INCLUDESDIR)/$@

# Not a target:
strings.o:
#  Implicit rule search has not been done.
#  Modification time never checked.
#  File has not been updated.
 

# files hash-table stats:
# Load=20/1024=2%, Rehash=0, Collisions=0/95=0%
# VPATH Search Paths

vpath %.cpp ./src:./src/graphics:./src/graphics/fonts:./src/utils
vpath %.h include
vpath %.o lib
vpath %.d lib
vpath %.elf bin

# 5 'vpath' search paths.

# No general ('VPATH' variable) search path.

# strcache buffers: 1 (0) / strings = 49 / storage = 447 B / avg = 9 B
# current buf: size = 8162 B / used = 447 B / count = 49 / avg = 9 B

# strcache performance: lookups = 109 / hit rate = 55%
# hash-table stats:
# Load=49/8192=1%, Rehash=0, Collisions=0/109=0%
# Finished Make data base on Thu Feb  3 06:39:01 2022

 
